<?xml version="1.0" encoding="UTF-8"?>
<!-- Generated by org.testng.reporters.JUnitReportReporter -->
<testsuite skipped="0" hostname="Admin-PC" name="com.testngsession.Multipletest" tests="4" failures="0" timestamp="03 Aug 2019 14:57:51 GMT" time="0.027" errors="0">
  <testcase name="One" time="0.016" classname="com.testngsession.Multipletest"/>
  <testcase name="Two" time="0.004" classname="com.testngsession.Multipletest"/>
  <testcase name="Three" time="0.005" classname="com.testngsession.Multipletest"/>
  <testcase name="Four" time="0.002" classname="com.testngsession.Multipletest"/>
</testsuite> <!-- com.testngsession.Multipletest -->
