<?xml version="1.0" encoding="UTF-8"?>
<!-- Generated by org.testng.reporters.JUnitReportReporter -->
<testsuite skipped="0" hostname="Admin-PC" name="com.testngsession.ParameterizedTest" tests="1" failures="0" timestamp="03 Aug 2019 12:02:58 GMT" time="14.161" errors="0">
  <testcase name="ParameterizedTest" time="14.161" classname="com.testngsession.ParameterizedTest"/>
</testsuite> <!-- com.testngsession.ParameterizedTest -->
