<?xml version="1.0" encoding="UTF-8"?>
<!-- Generated by org.testng.reporters.JUnitReportReporter -->
<testsuite skipped="0" hostname="Admin-PC" name="com.testngsession.Annotationsequence" tests="2" failures="0" timestamp="03 Aug 2019 15:23:40 GMT" time="0.014" errors="0">
  <testcase name="second" time="0.005" classname="com.testngsession.Annotationsequence"/>
  <testcase name="first" time="0.009" classname="com.testngsession.Annotationsequence"/>
</testsuite> <!-- com.testngsession.Annotationsequence -->
