<?xml version="1.0" encoding="UTF-8"?>
<!-- Generated by org.testng.reporters.JUnitReportReporter -->
<testsuite skipped="0" hostname="Admin-PC" name="com.testngsession.AssertsDemo" tests="1" failures="0" timestamp="03 Aug 2019 15:32:19 GMT" time="16.202" errors="0">
  <testcase name="f" time="16.202" classname="com.testngsession.AssertsDemo"/>
</testsuite> <!-- com.testngsession.AssertsDemo -->
