<?xml version="1.0" encoding="UTF-8"?>
<!-- Generated by org.testng.reporters.JUnitReportReporter -->
<testsuite skipped="0" hostname="Admin-PC" name="com.seleniumsession.TabDemo1" tests="1" failures="0" timestamp="03 Aug 2019 17:42:03 GMT" time="24.957" errors="0">
  <testcase name="openSameUrlInMultipleTab" time="24.957" classname="com.seleniumsession.TabDemo1"/>
</testsuite> <!-- com.seleniumsession.TabDemo1 -->
