<?xml version="1.0" encoding="UTF-8"?>
<!-- Generated by org.testng.reporters.JUnitReportReporter -->
<testsuite skipped="0" hostname="Admin-PC" name="com.testngsession.Assertdemo1" tests="1" failures="0" timestamp="03 Aug 2019 15:37:10 GMT" time="0.018" errors="0">
  <testcase name="test" time="0.018" classname="com.testngsession.Assertdemo1"/>
</testsuite> <!-- com.testngsession.Assertdemo1 -->
