<?xml version="1.0" encoding="UTF-8"?>
<!-- Generated by org.testng.reporters.JUnitReportReporter -->
<testsuite skipped="0" hostname="Admin-PC" name="com.testngsession.Dependent" tests="3" failures="0" timestamp="03 Aug 2019 14:55:47 GMT" time="0.023" errors="0">
  <testcase name="OpenBrowser" time="0.019" classname="com.testngsession.Dependent"/>
  <testcase name="SignIn" time="0.002" classname="com.testngsession.Dependent"/>
  <testcase name="LogOut" time="0.002" classname="com.testngsession.Dependent"/>
</testsuite> <!-- com.testngsession.Dependent -->
